{"timestamp": "2026-02-01T22:45:09.995949Z", "level": "info", "logger": "apulu", "message": "Starting Apulu Studio...", "version": "0.1.0"}
{"timestamp": "2026-02-01T22:45:12.374380Z", "level": "info", "logger": "apulu", "message": "HTTP client initialized", "max_connections": 100, "max_keepalive": 20}
{"timestamp": "2026-02-01T22:45:12.374380Z", "level": "info", "logger": "apulu", "message": "HTTP client initialized with connection pooling"}
2026-02-01 17:45:12,624 INFO sqlalchemy.engine.Engine select pg_catalog.version()
2026-02-01 17:45:12,627 INFO sqlalchemy.engine.Engine [raw sql] ()
2026-02-01 17:45:12,720 INFO sqlalchemy.engine.Engine select current_schema()
2026-02-01 17:45:12,721 INFO sqlalchemy.engine.Engine [raw sql] ()
2026-02-01 17:45:12,849 INFO sqlalchemy.engine.Engine show standard_conforming_strings
2026-02-01 17:45:12,849 INFO sqlalchemy.engine.Engine [raw sql] ()
2026-02-01 17:45:12,942 INFO sqlalchemy.engine.Engine BEGIN (implicit)
2026-02-01 17:45:12,966 INFO sqlalchemy.engine.Engine SELECT users.id, users.email, users.hashed_password, users.name, users.avatar_url, users.is_active, users.max_social_accounts, users.created_at, users.updated_at, users.last_login 
FROM users 
WHERE users.id = $1::VARCHAR
2026-02-01 17:45:12,967 INFO sqlalchemy.engine.Engine [generated in 0.00136s] ('user-001',)
Test user already exists: user-001
2026-02-01 17:45:13,064 INFO sqlalchemy.engine.Engine ROLLBACK
{"timestamp": "2026-02-01T22:45:13.100449Z", "level": "info", "logger": "apulu", "message": "Background scheduler started", "check_interval": 60}
{"timestamp": "2026-02-01T22:45:13.100449Z", "level": "info", "logger": "apulu", "message": "Background scheduler started - scheduled posts will auto-publish"}
{"timestamp": "2026-02-01T22:45:13.100449Z", "level": "info", "logger": "apulu", "message": "LATE sync scheduler started", "sync_interval": 300}
{"timestamp": "2026-02-01T22:45:13.100449Z", "level": "info", "logger": "apulu", "message": "LATE sync scheduler started", "interval_seconds": 300}
2026-02-01 17:45:13,222 INFO sqlalchemy.engine.Engine BEGIN (implicit)
2026-02-01 17:45:13,222 INFO sqlalchemy.engine.Engine SELECT posts.id, posts.user_id, posts.content, posts.post_type, posts.media_urls, posts.thumbnail_url, posts.ai_generated, posts.ai_prompt, posts.hashtags, posts.scheduled_at, posts.published_at, posts.status, posts.created_at, posts.updated_at 
FROM posts 
WHERE posts.status = $1::poststatus AND posts.scheduled_at <= $2::TIMESTAMP WITHOUT TIME ZONE
2026-02-01 17:45:13,222 INFO sqlalchemy.engine.Engine [generated in 0.00081s] ('SCHEDULED', datetime.datetime(2026, 2, 1, 22, 45, 13, 100449))
2026-02-01 17:45:13,356 INFO sqlalchemy.engine.Engine BEGIN (implicit)
2026-02-01 17:45:13,356 INFO sqlalchemy.engine.Engine SELECT users.id 
FROM users 
WHERE users.id = $1::VARCHAR
2026-02-01 17:45:13,356 INFO sqlalchemy.engine.Engine [generated in 0.00057s] ('user-001',)
2026-02-01 17:45:13,505 INFO sqlalchemy.engine.Engine ROLLBACK
2026-02-01 17:45:15,486 INFO sqlalchemy.engine.Engine ROLLBACK
2026-02-01 17:46:13,643 INFO sqlalchemy.engine.Engine BEGIN (implicit)
2026-02-01 17:46:13,646 INFO sqlalchemy.engine.Engine SELECT posts.id, posts.user_id, posts.content, posts.post_type, posts.media_urls, posts.thumbnail_url, posts.ai_generated, posts.ai_prompt, posts.hashtags, posts.scheduled_at, posts.published_at, posts.status, posts.created_at, posts.updated_at 
FROM posts 
WHERE posts.status = $1::poststatus AND posts.scheduled_at <= $2::TIMESTAMP WITHOUT TIME ZONE
2026-02-01 17:46:13,646 INFO sqlalchemy.engine.Engine [cached since 60.42s ago] ('SCHEDULED', datetime.datetime(2026, 2, 1, 22, 46, 13, 538422))
2026-02-01 17:46:13,711 INFO sqlalchemy.engine.Engine ROLLBACK
